[2018-07-17T08:53:13,357][INFO ][o.e.c.m.MetaDataMappingService] [master1_flitered] [original_project_file/5vQmiQvDQbyUxjI4u73_Rg] update_mapping [doc]
[2018-07-17T09:13:01,879][DEBUG][o.e.a.a.i.m.p.TransportPutMappingAction] [master1_flitered] failed to put mappings on indices [[[original_project_file/5vQmiQvDQbyUxjI4u73_Rg]]], type [doc]
java.lang.IllegalArgumentException: mapper [project_name] of different type, current_type [text], merged_type [keyword]
	at org.elasticsearch.index.mapper.FieldMapper.doMerge(FieldMapper.java:354) ~[elasticsearch-6.3.1.jar:6.3.1]
	at org.elasticsearch.index.mapper.TextFieldMapper.doMerge(TextFieldMapper.java:602) ~[elasticsearch-6.3.1.jar:6.3.1]
	at org.elasticsearch.index.mapper.FieldMapper.merge(FieldMapper.java:340) ~[elasticsearch-6.3.1.jar:6.3.1]
	at org.elasticsearch.index.mapper.FieldMapper.merge(FieldMapper.java:52) ~[elasticsearch-6.3.1.jar:6.3.1]
	at org.elasticsearch.index.mapper.ObjectMapper.doMerge(ObjectMapper.java:477) ~[elasticsearch-6.3.1.jar:6.3.1]
	at org.elasticsearch.index.mapper.RootObjectMapper.doMerge(RootObjectMapper.java:277) ~[elasticsearch-6.3.1.jar:6.3.1]
	at org.elasticsearch.index.mapper.ObjectMapper.merge(ObjectMapper.java:449) ~[elasticsearch-6.3.1.jar:6.3.1]
	at org.elasticsearch.index.mapper.RootObjectMapper.merge(RootObjectMapper.java:272) ~[elasticsearch-6.3.1.jar:6.3.1]
	at org.elasticsearch.index.mapper.Mapping.merge(Mapping.java:90) ~[elasticsearch-6.3.1.jar:6.3.1]
	at org.elasticsearch.index.mapper.DocumentMapper.merge(DocumentMapper.java:304) ~[elasticsearch-6.3.1.jar:6.3.1]
	at org.elasticsearch.cluster.metadata.MetaDataMappingService$PutMappingExecutor.applyRequest(MetaDataMappingService.java:267) ~[elasticsearch-6.3.1.jar:6.3.1]
	at org.elasticsearch.cluster.metadata.MetaDataMappingService$PutMappingExecutor.execute(MetaDataMappingService.java:230) ~[elasticsearch-6.3.1.jar:6.3.1]
	at org.elasticsearch.cluster.service.MasterService.executeTasks(MasterService.java:630) ~[elasticsearch-6.3.1.jar:6.3.1]
	at org.elasticsearch.cluster.service.MasterService.calculateTaskOutputs(MasterService.java:267) ~[elasticsearch-6.3.1.jar:6.3.1]
	at org.elasticsearch.cluster.service.MasterService.runTasks(MasterService.java:197) [elasticsearch-6.3.1.jar:6.3.1]
	at org.elasticsearch.cluster.service.MasterService$Batcher.run(MasterService.java:132) [elasticsearch-6.3.1.jar:6.3.1]
	at org.elasticsearch.cluster.service.TaskBatcher.runIfNotProcessed(TaskBatcher.java:150) [elasticsearch-6.3.1.jar:6.3.1]
	at org.elasticsearch.cluster.service.TaskBatcher$BatchedTask.run(TaskBatcher.java:188) [elasticsearch-6.3.1.jar:6.3.1]
	at org.elasticsearch.common.util.concurrent.ThreadContext$ContextPreservingRunnable.run(ThreadContext.java:626) [elasticsearch-6.3.1.jar:6.3.1]
	at org.elasticsearch.common.util.concurrent.PrioritizedEsThreadPoolExecutor$TieBreakingPrioritizedRunnable.runAndClean(PrioritizedEsThreadPoolExecutor.java:244) [elasticsearch-6.3.1.jar:6.3.1]
	at org.elasticsearch.common.util.concurrent.PrioritizedEsThreadPoolExecutor$TieBreakingPrioritizedRunnable.run(PrioritizedEsThreadPoolExecutor.java:207) [elasticsearch-6.3.1.jar:6.3.1]
	at java.util.concurrent.ThreadPoolExecutor.runWorker(ThreadPoolExecutor.java:1149) [?:1.8.0_144]
	at java.util.concurrent.ThreadPoolExecutor$Worker.run(ThreadPoolExecutor.java:624) [?:1.8.0_144]
	at java.lang.Thread.run(Thread.java:748) [?:1.8.0_144]
[2018-07-17T09:13:37,655][INFO ][o.e.c.m.MetaDataDeleteIndexService] [master1_flitered] [lagou3/h7wXRwlBQa6oo7Unokqeew] deleting index
[2018-07-17T09:13:54,372][DEBUG][o.e.a.a.i.m.p.TransportPutMappingAction] [master1_flitered] failed to put mappings on indices [[[original_project_file/5vQmiQvDQbyUxjI4u73_Rg]]], type [doc]
java.lang.IllegalArgumentException: mapper [project_name] of different type, current_type [text], merged_type [keyword]
	at org.elasticsearch.index.mapper.FieldMapper.doMerge(FieldMapper.java:354) ~[elasticsearch-6.3.1.jar:6.3.1]
	at org.elasticsearch.index.mapper.TextFieldMapper.doMerge(TextFieldMapper.java:602) ~[elasticsearch-6.3.1.jar:6.3.1]
	at org.elasticsearch.index.mapper.FieldMapper.merge(FieldMapper.java:340) ~[elasticsearch-6.3.1.jar:6.3.1]
	at org.elasticsearch.index.mapper.FieldMapper.merge(FieldMapper.java:52) ~[elasticsearch-6.3.1.jar:6.3.1]
	at org.elasticsearch.index.mapper.ObjectMapper.doMerge(ObjectMapper.java:477) ~[elasticsearch-6.3.1.jar:6.3.1]
	at org.elasticsearch.index.mapper.RootObjectMapper.doMerge(RootObjectMapper.java:277) ~[elasticsearch-6.3.1.jar:6.3.1]
	at org.elasticsearch.index.mapper.ObjectMapper.merge(ObjectMapper.java:449) ~[elasticsearch-6.3.1.jar:6.3.1]
	at org.elasticsearch.index.mapper.RootObjectMapper.merge(RootObjectMapper.java:272) ~[elasticsearch-6.3.1.jar:6.3.1]
	at org.elasticsearch.index.mapper.Mapping.merge(Mapping.java:90) ~[elasticsearch-6.3.1.jar:6.3.1]
	at org.elasticsearch.index.mapper.DocumentMapper.merge(DocumentMapper.java:304) ~[elasticsearch-6.3.1.jar:6.3.1]
	at org.elasticsearch.cluster.metadata.MetaDataMappingService$PutMappingExecutor.applyRequest(MetaDataMappingService.java:267) ~[elasticsearch-6.3.1.jar:6.3.1]
	at org.elasticsearch.cluster.metadata.MetaDataMappingService$PutMappingExecutor.execute(MetaDataMappingService.java:230) ~[elasticsearch-6.3.1.jar:6.3.1]
	at org.elasticsearch.cluster.service.MasterService.executeTasks(MasterService.java:630) ~[elasticsearch-6.3.1.jar:6.3.1]
	at org.elasticsearch.cluster.service.MasterService.calculateTaskOutputs(MasterService.java:267) ~[elasticsearch-6.3.1.jar:6.3.1]
	at org.elasticsearch.cluster.service.MasterService.runTasks(MasterService.java:197) [elasticsearch-6.3.1.jar:6.3.1]
	at org.elasticsearch.cluster.service.MasterService$Batcher.run(MasterService.java:132) [elasticsearch-6.3.1.jar:6.3.1]
	at org.elasticsearch.cluster.service.TaskBatcher.runIfNotProcessed(TaskBatcher.java:150) [elasticsearch-6.3.1.jar:6.3.1]
	at org.elasticsearch.cluster.service.TaskBatcher$BatchedTask.run(TaskBatcher.java:188) [elasticsearch-6.3.1.jar:6.3.1]
	at org.elasticsearch.common.util.concurrent.ThreadContext$ContextPreservingRunnable.run(ThreadContext.java:626) [elasticsearch-6.3.1.jar:6.3.1]
	at org.elasticsearch.common.util.concurrent.PrioritizedEsThreadPoolExecutor$TieBreakingPrioritizedRunnable.runAndClean(PrioritizedEsThreadPoolExecutor.java:244) [elasticsearch-6.3.1.jar:6.3.1]
	at org.elasticsearch.common.util.concurrent.PrioritizedEsThreadPoolExecutor$TieBreakingPrioritizedRunnable.run(PrioritizedEsThreadPoolExecutor.java:207) [elasticsearch-6.3.1.jar:6.3.1]
	at java.util.concurrent.ThreadPoolExecutor.runWorker(ThreadPoolExecutor.java:1149) [?:1.8.0_144]
	at java.util.concurrent.ThreadPoolExecutor$Worker.run(ThreadPoolExecutor.java:624) [?:1.8.0_144]
	at java.lang.Thread.run(Thread.java:748) [?:1.8.0_144]
[2018-07-17T09:14:59,239][INFO ][o.e.c.m.MetaDataDeleteIndexService] [master1_flitered] [original_project_file/5vQmiQvDQbyUxjI4u73_Rg] deleting index
[2018-07-17T09:15:15,253][INFO ][o.e.c.m.MetaDataCreateIndexService] [master1_flitered] [original_project_file] creating index, cause [api], templates [], shards [5]/[1], mappings [doc]
[2018-07-17T09:15:48,741][INFO ][o.e.c.m.MetaDataMappingService] [master1_flitered] [original_project_file/s8_7UE51SXuzDhDtqGFd-g] update_mapping [doc]
[2018-07-17T09:17:59,017][INFO ][o.e.c.m.MetaDataDeleteIndexService] [master1_flitered] [original_project_file/s8_7UE51SXuzDhDtqGFd-g] deleting index
[2018-07-17T09:31:38,027][INFO ][o.e.c.m.MetaDataCreateIndexService] [master1_flitered] [original_project_file] creating index, cause [auto(bulk api)], templates [], shards [5]/[1], mappings []
[2018-07-17T09:31:38,109][INFO ][o.e.c.m.MetaDataMappingService] [master1_flitered] [original_project_file/3rLoxJ-OQAGL-scbIsMldg] create_mapping [doc]
[2018-07-17T09:32:45,545][INFO ][o.e.c.m.MetaDataDeleteIndexService] [master1_flitered] [original_project_file/3rLoxJ-OQAGL-scbIsMldg] deleting index
[2018-07-17T09:32:56,005][INFO ][o.e.c.m.MetaDataCreateIndexService] [master1_flitered] [original_project_file] creating index, cause [api], templates [], shards [5]/[1], mappings [doc]
[2018-07-17T09:33:15,150][INFO ][o.e.c.m.MetaDataDeleteIndexService] [master1_flitered] [original_project_file/vuGYLtsDSt-MzWfimz4Jbg] deleting index
[2018-07-17T09:33:27,420][INFO ][o.e.c.m.MetaDataCreateIndexService] [master1_flitered] [original_project_file] creating index, cause [api], templates [], shards [5]/[1], mappings [doc]
[2018-07-17T09:34:15,746][INFO ][o.e.c.m.MetaDataDeleteIndexService] [master1_flitered] [original_project_file/RFYB2K5dQViEi4Y_Z8OmjQ] deleting index
[2018-07-17T09:34:23,279][INFO ][o.e.c.m.MetaDataCreateIndexService] [master1_flitered] [original_project_file] creating index, cause [api], templates [], shards [5]/[1], mappings [doc]
[2018-07-17T09:35:01,312][INFO ][o.e.c.m.MetaDataMappingService] [master1_flitered] [original_project_file/Su5-l2RHR-yELRDDiJIWOg] update_mapping [doc]
[2018-07-17T09:41:42,203][INFO ][o.e.c.m.MetaDataDeleteIndexService] [master1_flitered] [original_project_file/Su5-l2RHR-yELRDDiJIWOg] deleting index
[2018-07-17T09:41:50,776][INFO ][o.e.c.m.MetaDataCreateIndexService] [master1_flitered] [original_project_file] creating index, cause [api], templates [], shards [5]/[1], mappings [doc]
[2018-07-17T09:42:15,329][INFO ][o.e.c.m.MetaDataMappingService] [master1_flitered] [original_project_file/SjtmtSCQSBi6QtstJBQV9Q] update_mapping [doc]
[2018-07-17T09:44:20,512][INFO ][o.e.c.m.MetaDataDeleteIndexService] [master1_flitered] [original_project_file/SjtmtSCQSBi6QtstJBQV9Q] deleting index
[2018-07-17T09:44:37,299][INFO ][o.e.c.m.MetaDataCreateIndexService] [master1_flitered] [original_project_file] creating index, cause [api], templates [], shards [5]/[1], mappings [doc]
[2018-07-17T09:44:58,749][INFO ][o.e.c.m.MetaDataMappingService] [master1_flitered] [original_project_file/xRXVCQ-sTqi503q2ngzGSw] update_mapping [doc]
[2018-07-17T11:46:43,481][INFO ][o.e.x.m.MlDailyMaintenanceService] triggering scheduled [ML] maintenance tasks
[2018-07-17T11:46:43,496][INFO ][o.e.x.m.a.TransportDeleteExpiredDataAction] [master1_flitered] Deleting expired data
[2018-07-17T11:46:43,671][INFO ][o.e.x.m.a.TransportDeleteExpiredDataAction] [master1_flitered] Completed deletion of expired data
[2018-07-17T11:46:43,672][INFO ][o.e.x.m.MlDailyMaintenanceService] Successfully completed [ML] maintenance tasks
[2018-07-17T21:39:00,391][INFO ][o.e.m.j.JvmGcMonitorService] [master1_flitered] [gc][45514] overhead, spent [255ms] collecting in the last [1s]
