[2018-07-16T15:48:18,098][INFO ][o.e.n.Node               ] [master_flitered] initializing ...
[2018-07-16T15:48:18,143][INFO ][o.e.e.NodeEnvironment    ] [master_flitered] using [1] data paths, mounts [[/ (/dev/disk1s1)]], net usable_space [290.6gb], net total_space [465.6gb], types [apfs]
[2018-07-16T15:48:18,144][INFO ][o.e.e.NodeEnvironment    ] [master_flitered] heap size [989.8mb], compressed ordinary object pointers [true]
[2018-07-16T15:48:18,145][INFO ][o.e.n.Node               ] [master_flitered] node name [master_flitered], node ID [3kmbw6mmSliqNJVvOXj7qA]
[2018-07-16T15:48:18,145][INFO ][o.e.n.Node               ] [master_flitered] version[6.3.1], pid[56169], build[default/tar/eb782d0/2018-06-29T21:59:26.107521Z], OS[Mac OS X/10.13.4/x86_64], JVM[Oracle Corporation/Java HotSpot(TM) 64-Bit Server VM/1.8.0_144/25.144-b01]
[2018-07-16T15:48:18,145][INFO ][o.e.n.Node               ] [master_flitered] JVM arguments [-Xms1g, -Xmx1g, -XX:+UseConcMarkSweepGC, -XX:CMSInitiatingOccupancyFraction=75, -XX:+UseCMSInitiatingOccupancyOnly, -XX:+AlwaysPreTouch, -Xss1m, -Djava.awt.headless=true, -Dfile.encoding=UTF-8, -Djna.nosys=true, -XX:-OmitStackTraceInFastThrow, -Dio.netty.noUnsafe=true, -Dio.netty.noKeySetOptimization=true, -Dio.netty.recycler.maxCapacityPerThread=0, -Dlog4j.shutdownHookEnabled=false, -Dlog4j2.disable.jmx=true, -Djava.io.tmpdir=/var/folders/nq/0mpynycd6mg_8903k89bx5f00000gn/T/elasticsearch.9bdNWUUB, -XX:+HeapDumpOnOutOfMemoryError, -XX:HeapDumpPath=data, -XX:ErrorFile=logs/hs_err_pid%p.log, -XX:+PrintGCDetails, -XX:+PrintGCDateStamps, -XX:+PrintTenuringDistribution, -XX:+PrintGCApplicationStoppedTime, -Xloggc:logs/gc.log, -XX:+UseGCLogFileRotation, -XX:NumberOfGCLogFiles=32, -XX:GCLogFileSize=64m, -Des.path.home=/Users/yiqian/Downloads/elasticsearch-6.3.1, -Des.path.conf=/Users/yiqian/Downloads/elasticsearch-6.3.1/config, -Des.distribution.flavor=default, -Des.distribution.type=tar]
[2018-07-16T15:48:19,742][INFO ][o.e.p.PluginsService     ] [master_flitered] loaded module [aggs-matrix-stats]
[2018-07-16T15:48:19,742][INFO ][o.e.p.PluginsService     ] [master_flitered] loaded module [analysis-common]
[2018-07-16T15:48:19,742][INFO ][o.e.p.PluginsService     ] [master_flitered] loaded module [ingest-common]
[2018-07-16T15:48:19,742][INFO ][o.e.p.PluginsService     ] [master_flitered] loaded module [lang-expression]
[2018-07-16T15:48:19,742][INFO ][o.e.p.PluginsService     ] [master_flitered] loaded module [lang-mustache]
[2018-07-16T15:48:19,743][INFO ][o.e.p.PluginsService     ] [master_flitered] loaded module [lang-painless]
[2018-07-16T15:48:19,743][INFO ][o.e.p.PluginsService     ] [master_flitered] loaded module [mapper-extras]
[2018-07-16T15:48:19,743][INFO ][o.e.p.PluginsService     ] [master_flitered] loaded module [parent-join]
[2018-07-16T15:48:19,743][INFO ][o.e.p.PluginsService     ] [master_flitered] loaded module [percolator]
[2018-07-16T15:48:19,743][INFO ][o.e.p.PluginsService     ] [master_flitered] loaded module [rank-eval]
[2018-07-16T15:48:19,743][INFO ][o.e.p.PluginsService     ] [master_flitered] loaded module [reindex]
[2018-07-16T15:48:19,743][INFO ][o.e.p.PluginsService     ] [master_flitered] loaded module [repository-url]
[2018-07-16T15:48:19,743][INFO ][o.e.p.PluginsService     ] [master_flitered] loaded module [transport-netty4]
[2018-07-16T15:48:19,743][INFO ][o.e.p.PluginsService     ] [master_flitered] loaded module [tribe]
[2018-07-16T15:48:19,743][INFO ][o.e.p.PluginsService     ] [master_flitered] loaded module [x-pack-core]
[2018-07-16T15:48:19,743][INFO ][o.e.p.PluginsService     ] [master_flitered] loaded module [x-pack-deprecation]
[2018-07-16T15:48:19,743][INFO ][o.e.p.PluginsService     ] [master_flitered] loaded module [x-pack-graph]
[2018-07-16T15:48:19,743][INFO ][o.e.p.PluginsService     ] [master_flitered] loaded module [x-pack-logstash]
[2018-07-16T15:48:19,743][INFO ][o.e.p.PluginsService     ] [master_flitered] loaded module [x-pack-ml]
[2018-07-16T15:48:19,743][INFO ][o.e.p.PluginsService     ] [master_flitered] loaded module [x-pack-monitoring]
[2018-07-16T15:48:19,743][INFO ][o.e.p.PluginsService     ] [master_flitered] loaded module [x-pack-rollup]
[2018-07-16T15:48:19,743][INFO ][o.e.p.PluginsService     ] [master_flitered] loaded module [x-pack-security]
[2018-07-16T15:48:19,743][INFO ][o.e.p.PluginsService     ] [master_flitered] loaded module [x-pack-sql]
[2018-07-16T15:48:19,743][INFO ][o.e.p.PluginsService     ] [master_flitered] loaded module [x-pack-upgrade]
[2018-07-16T15:48:19,744][INFO ][o.e.p.PluginsService     ] [master_flitered] loaded module [x-pack-watcher]
[2018-07-16T15:48:19,744][INFO ][o.e.p.PluginsService     ] [master_flitered] no plugins loaded
[2018-07-16T15:48:22,040][INFO ][o.e.x.s.a.s.FileRolesStore] [master_flitered] parsed [0] roles from file [/Users/yiqian/Downloads/elasticsearch-6.3.1/config/roles.yml]
[2018-07-16T15:48:22,409][INFO ][o.e.x.m.j.p.l.CppLogMessageHandler] [controller/56171] [Main.cc@109] controller (64 bit): Version 6.3.1 (Build 4d0b8f0a0ef401) Copyright (c) 2018 Elasticsearch BV
[2018-07-16T15:48:22,679][DEBUG][o.e.a.ActionModule       ] Using REST wrapper from plugin org.elasticsearch.xpack.security.Security
[2018-07-16T15:48:22,862][INFO ][o.e.d.DiscoveryModule    ] [master_flitered] using discovery type [zen]
[2018-07-16T15:48:23,564][INFO ][o.e.n.Node               ] [master_flitered] initialized
[2018-07-16T15:48:23,564][INFO ][o.e.n.Node               ] [master_flitered] starting ...
[2018-07-16T15:48:23,706][INFO ][o.e.t.TransportService   ] [master_flitered] publish_address {127.0.0.1:9300}, bound_addresses {127.0.0.1:9300}
[2018-07-16T15:48:26,777][INFO ][o.e.c.s.MasterService    ] [master_flitered] zen-disco-elected-as-master ([0] nodes joined)[, ], reason: new_master {master_flitered}{3kmbw6mmSliqNJVvOXj7qA}{6LAae6h4S7-Phu3XmG6bCw}{127.0.0.1}{127.0.0.1:9300}{ml.machine_memory=17179869184, xpack.installed=true, ml.max_open_jobs=20, ml.enabled=true}
[2018-07-16T15:48:26,785][INFO ][o.e.c.s.ClusterApplierService] [master_flitered] new_master {master_flitered}{3kmbw6mmSliqNJVvOXj7qA}{6LAae6h4S7-Phu3XmG6bCw}{127.0.0.1}{127.0.0.1:9300}{ml.machine_memory=17179869184, xpack.installed=true, ml.max_open_jobs=20, ml.enabled=true}, reason: apply cluster state (from master [master {master_flitered}{3kmbw6mmSliqNJVvOXj7qA}{6LAae6h4S7-Phu3XmG6bCw}{127.0.0.1}{127.0.0.1:9300}{ml.machine_memory=17179869184, xpack.installed=true, ml.max_open_jobs=20, ml.enabled=true} committed version [1] source [zen-disco-elected-as-master ([0] nodes joined)[, ]]])
[2018-07-16T15:48:26,802][INFO ][o.e.x.s.t.n.SecurityNetty4HttpServerTransport] [master_flitered] publish_address {127.0.0.1:9200}, bound_addresses {127.0.0.1:9200}
[2018-07-16T15:48:26,802][INFO ][o.e.n.Node               ] [master_flitered] started
[2018-07-16T15:48:27,035][WARN ][o.e.x.s.a.s.m.NativeRoleMappingStore] [master_flitered] Failed to clear cache for realms [[]]
[2018-07-16T15:48:27,053][INFO ][o.e.l.LicenseService     ] [master_flitered] license [0066dde9-31f0-4b12-95c0-211e1cba6773] mode [basic] - valid
[2018-07-16T15:48:27,063][INFO ][o.e.g.GatewayService     ] [master_flitered] recovered [0] indices into cluster_state
[2018-07-16T15:49:43,657][INFO ][o.e.x.s.a.f.FileUserPasswdStore] [master_flitered] users file [/Users/yiqian/Downloads/elasticsearch-6.3.1/config/users] changed. updating users... )
[2018-07-16T15:49:43,659][INFO ][o.e.x.s.a.f.FileUserRolesStore] [master_flitered] users roles file [/Users/yiqian/Downloads/elasticsearch-6.3.1/config/users_roles] changed. updating users roles...
[2018-07-16T15:49:43,660][INFO ][o.e.x.s.a.s.FileRolesStore] [master_flitered] updated roles (roles file [/Users/yiqian/Downloads/elasticsearch-6.3.1/config/roles.yml] removed)
[2018-07-16T15:49:56,807][WARN ][o.e.e.NodeEnvironment    ] [master_flitered] lock assertion failed
java.nio.file.NoSuchFileException: /Users/yiqian/Downloads/elasticsearch-6.3.1/data/nodes/0/node.lock
	at sun.nio.fs.UnixException.translateToIOException(UnixException.java:86) ~[?:?]
	at sun.nio.fs.UnixException.rethrowAsIOException(UnixException.java:102) ~[?:?]
	at sun.nio.fs.UnixException.rethrowAsIOException(UnixException.java:107) ~[?:?]
	at sun.nio.fs.UnixFileAttributeViews$Basic.readAttributes(UnixFileAttributeViews.java:55) ~[?:?]
	at sun.nio.fs.UnixFileSystemProvider.readAttributes(UnixFileSystemProvider.java:144) ~[?:?]
	at java.nio.file.Files.readAttributes(Files.java:1737) ~[?:1.8.0_144]
	at org.apache.lucene.store.NativeFSLockFactory$NativeFSLock.ensureValid(NativeFSLockFactory.java:189) ~[lucene-core-7.3.1.jar:7.3.1 ae0705edb59eaa567fe13ed3a222fdadc7153680 - caomanhdat - 2018-05-09 09:27:24]
	at org.elasticsearch.env.NodeEnvironment.assertEnvIsLocked(NodeEnvironment.java:918) [elasticsearch-6.3.1.jar:6.3.1]
	at org.elasticsearch.env.NodeEnvironment.nodePaths(NodeEnvironment.java:720) [elasticsearch-6.3.1.jar:6.3.1]
	at org.elasticsearch.monitor.fs.FsProbe.stats(FsProbe.java:57) [elasticsearch-6.3.1.jar:6.3.1]
	at org.elasticsearch.monitor.fs.FsService.stats(FsService.java:65) [elasticsearch-6.3.1.jar:6.3.1]
	at org.elasticsearch.monitor.fs.FsService.access$300(FsService.java:36) [elasticsearch-6.3.1.jar:6.3.1]
	at org.elasticsearch.monitor.fs.FsService$FsInfoCache.refresh(FsService.java:83) [elasticsearch-6.3.1.jar:6.3.1]
	at org.elasticsearch.monitor.fs.FsService$FsInfoCache.refresh(FsService.java:72) [elasticsearch-6.3.1.jar:6.3.1]
	at org.elasticsearch.common.util.SingleObjectCache.getOrRefresh(SingleObjectCache.java:54) [elasticsearch-6.3.1.jar:6.3.1]
	at org.elasticsearch.monitor.fs.FsService.stats(FsService.java:60) [elasticsearch-6.3.1.jar:6.3.1]
	at org.elasticsearch.node.NodeService.stats(NodeService.java:117) [elasticsearch-6.3.1.jar:6.3.1]
	at org.elasticsearch.action.admin.cluster.node.stats.TransportNodesStatsAction.nodeOperation(TransportNodesStatsAction.java:74) [elasticsearch-6.3.1.jar:6.3.1]
	at org.elasticsearch.action.admin.cluster.node.stats.TransportNodesStatsAction.nodeOperation(TransportNodesStatsAction.java:39) [elasticsearch-6.3.1.jar:6.3.1]
	at org.elasticsearch.action.support.nodes.TransportNodesAction.nodeOperation(TransportNodesAction.java:140) [elasticsearch-6.3.1.jar:6.3.1]
	at org.elasticsearch.action.support.nodes.TransportNodesAction$NodeTransportHandler.messageReceived(TransportNodesAction.java:260) [elasticsearch-6.3.1.jar:6.3.1]
	at org.elasticsearch.action.support.nodes.TransportNodesAction$NodeTransportHandler.messageReceived(TransportNodesAction.java:256) [elasticsearch-6.3.1.jar:6.3.1]
	at org.elasticsearch.xpack.security.transport.SecurityServerTransportInterceptor$ProfileSecuredRequestHandler$1.doRun(SecurityServerTransportInterceptor.java:259) [x-pack-security-6.3.1.jar:6.3.1]
	at org.elasticsearch.common.util.concurrent.AbstractRunnable.run(AbstractRunnable.java:37) [elasticsearch-6.3.1.jar:6.3.1]
	at org.elasticsearch.xpack.security.transport.SecurityServerTransportInterceptor$ProfileSecuredRequestHandler.messageReceived(SecurityServerTransportInterceptor.java:317) [x-pack-security-6.3.1.jar:6.3.1]
	at org.elasticsearch.transport.RequestHandlerRegistry.processMessageReceived(RequestHandlerRegistry.java:66) [elasticsearch-6.3.1.jar:6.3.1]
	at org.elasticsearch.transport.TransportService$7.doRun(TransportService.java:664) [elasticsearch-6.3.1.jar:6.3.1]
	at org.elasticsearch.common.util.concurrent.ThreadContext$ContextPreservingAbstractRunnable.doRun(ThreadContext.java:725) [elasticsearch-6.3.1.jar:6.3.1]
	at org.elasticsearch.common.util.concurrent.AbstractRunnable.run(AbstractRunnable.java:37) [elasticsearch-6.3.1.jar:6.3.1]
	at java.util.concurrent.ThreadPoolExecutor.runWorker(ThreadPoolExecutor.java:1149) [?:1.8.0_144]
	at java.util.concurrent.ThreadPoolExecutor$Worker.run(ThreadPoolExecutor.java:624) [?:1.8.0_144]
	at java.lang.Thread.run(Thread.java:748) [?:1.8.0_144]
[2018-07-16T15:49:56,816][DEBUG][o.e.a.a.c.n.s.TransportNodesStatsAction] [master_flitered] failed to execute on node [3kmbw6mmSliqNJVvOXj7qA]
org.elasticsearch.transport.RemoteTransportException: [master_flitered][127.0.0.1:9300][cluster:monitor/nodes/stats[n]]
Caused by: java.lang.IllegalStateException: environment is not locked
	at org.elasticsearch.env.NodeEnvironment.assertEnvIsLocked(NodeEnvironment.java:921) ~[elasticsearch-6.3.1.jar:6.3.1]
	at org.elasticsearch.env.NodeEnvironment.nodePaths(NodeEnvironment.java:720) ~[elasticsearch-6.3.1.jar:6.3.1]
	at org.elasticsearch.monitor.fs.FsProbe.stats(FsProbe.java:57) ~[elasticsearch-6.3.1.jar:6.3.1]
	at org.elasticsearch.monitor.fs.FsService.stats(FsService.java:65) ~[elasticsearch-6.3.1.jar:6.3.1]
	at org.elasticsearch.monitor.fs.FsService.access$300(FsService.java:36) ~[elasticsearch-6.3.1.jar:6.3.1]
	at org.elasticsearch.monitor.fs.FsService$FsInfoCache.refresh(FsService.java:83) ~[elasticsearch-6.3.1.jar:6.3.1]
	at org.elasticsearch.monitor.fs.FsService$FsInfoCache.refresh(FsService.java:72) ~[elasticsearch-6.3.1.jar:6.3.1]
	at org.elasticsearch.common.util.SingleObjectCache.getOrRefresh(SingleObjectCache.java:54) ~[elasticsearch-6.3.1.jar:6.3.1]
	at org.elasticsearch.monitor.fs.FsService.stats(FsService.java:60) ~[elasticsearch-6.3.1.jar:6.3.1]
	at org.elasticsearch.node.NodeService.stats(NodeService.java:117) ~[elasticsearch-6.3.1.jar:6.3.1]
	at org.elasticsearch.action.admin.cluster.node.stats.TransportNodesStatsAction.nodeOperation(TransportNodesStatsAction.java:74) ~[elasticsearch-6.3.1.jar:6.3.1]
	at org.elasticsearch.action.admin.cluster.node.stats.TransportNodesStatsAction.nodeOperation(TransportNodesStatsAction.java:39) ~[elasticsearch-6.3.1.jar:6.3.1]
	at org.elasticsearch.action.support.nodes.TransportNodesAction.nodeOperation(TransportNodesAction.java:140) ~[elasticsearch-6.3.1.jar:6.3.1]
	at org.elasticsearch.action.support.nodes.TransportNodesAction$NodeTransportHandler.messageReceived(TransportNodesAction.java:260) ~[elasticsearch-6.3.1.jar:6.3.1]
	at org.elasticsearch.action.support.nodes.TransportNodesAction$NodeTransportHandler.messageReceived(TransportNodesAction.java:256) ~[elasticsearch-6.3.1.jar:6.3.1]
	at org.elasticsearch.xpack.security.transport.SecurityServerTransportInterceptor$ProfileSecuredRequestHandler$1.doRun(SecurityServerTransportInterceptor.java:259) [x-pack-security-6.3.1.jar:6.3.1]
	at org.elasticsearch.common.util.concurrent.AbstractRunnable.run(AbstractRunnable.java:37) [elasticsearch-6.3.1.jar:6.3.1]
	at org.elasticsearch.xpack.security.transport.SecurityServerTransportInterceptor$ProfileSecuredRequestHandler.messageReceived(SecurityServerTransportInterceptor.java:317) [x-pack-security-6.3.1.jar:6.3.1]
	at org.elasticsearch.transport.RequestHandlerRegistry.processMessageReceived(RequestHandlerRegistry.java:66) [elasticsearch-6.3.1.jar:6.3.1]
	at org.elasticsearch.transport.TransportService$7.doRun(TransportService.java:664) [elasticsearch-6.3.1.jar:6.3.1]
	at org.elasticsearch.common.util.concurrent.ThreadContext$ContextPreservingAbstractRunnable.doRun(ThreadContext.java:725) [elasticsearch-6.3.1.jar:6.3.1]
	at org.elasticsearch.common.util.concurrent.AbstractRunnable.run(AbstractRunnable.java:37) [elasticsearch-6.3.1.jar:6.3.1]
	at java.util.concurrent.ThreadPoolExecutor.runWorker(ThreadPoolExecutor.java:1149) [?:1.8.0_144]
	at java.util.concurrent.ThreadPoolExecutor$Worker.run(ThreadPoolExecutor.java:624) [?:1.8.0_144]
	at java.lang.Thread.run(Thread.java:748) [?:1.8.0_144]
Caused by: java.nio.file.NoSuchFileException: /Users/yiqian/Downloads/elasticsearch-6.3.1/data/nodes/0/node.lock
	at sun.nio.fs.UnixException.translateToIOException(UnixException.java:86) ~[?:?]
	at sun.nio.fs.UnixException.rethrowAsIOException(UnixException.java:102) ~[?:?]
	at sun.nio.fs.UnixException.rethrowAsIOException(UnixException.java:107) ~[?:?]
	at sun.nio.fs.UnixFileAttributeViews$Basic.readAttributes(UnixFileAttributeViews.java:55) ~[?:?]
	at sun.nio.fs.UnixFileSystemProvider.readAttributes(UnixFileSystemProvider.java:144) ~[?:?]
	at java.nio.file.Files.readAttributes(Files.java:1737) ~[?:1.8.0_144]
	at org.apache.lucene.store.NativeFSLockFactory$NativeFSLock.ensureValid(NativeFSLockFactory.java:189) ~[lucene-core-7.3.1.jar:7.3.1 ae0705edb59eaa567fe13ed3a222fdadc7153680 - caomanhdat - 2018-05-09 09:27:24]
	at org.elasticsearch.env.NodeEnvironment.assertEnvIsLocked(NodeEnvironment.java:918) ~[elasticsearch-6.3.1.jar:6.3.1]
	at org.elasticsearch.env.NodeEnvironment.nodePaths(NodeEnvironment.java:720) ~[elasticsearch-6.3.1.jar:6.3.1]
	at org.elasticsearch.monitor.fs.FsProbe.stats(FsProbe.java:57) ~[elasticsearch-6.3.1.jar:6.3.1]
	at org.elasticsearch.monitor.fs.FsService.stats(FsService.java:65) ~[elasticsearch-6.3.1.jar:6.3.1]
	at org.elasticsearch.monitor.fs.FsService.access$300(FsService.java:36) ~[elasticsearch-6.3.1.jar:6.3.1]
	at org.elasticsearch.monitor.fs.FsService$FsInfoCache.refresh(FsService.java:83) ~[elasticsearch-6.3.1.jar:6.3.1]
	at org.elasticsearch.monitor.fs.FsService$FsInfoCache.refresh(FsService.java:72) ~[elasticsearch-6.3.1.jar:6.3.1]
	at org.elasticsearch.common.util.SingleObjectCache.getOrRefresh(SingleObjectCache.java:54) ~[elasticsearch-6.3.1.jar:6.3.1]
	at org.elasticsearch.monitor.fs.FsService.stats(FsService.java:60) ~[elasticsearch-6.3.1.jar:6.3.1]
	at org.elasticsearch.node.NodeService.stats(NodeService.java:117) ~[elasticsearch-6.3.1.jar:6.3.1]
	at org.elasticsearch.action.admin.cluster.node.stats.TransportNodesStatsAction.nodeOperation(TransportNodesStatsAction.java:74) ~[elasticsearch-6.3.1.jar:6.3.1]
	at org.elasticsearch.action.admin.cluster.node.stats.TransportNodesStatsAction.nodeOperation(TransportNodesStatsAction.java:39) ~[elasticsearch-6.3.1.jar:6.3.1]
	at org.elasticsearch.action.support.nodes.TransportNodesAction.nodeOperation(TransportNodesAction.java:140) ~[elasticsearch-6.3.1.jar:6.3.1]
	at org.elasticsearch.action.support.nodes.TransportNodesAction$NodeTransportHandler.messageReceived(TransportNodesAction.java:260) ~[elasticsearch-6.3.1.jar:6.3.1]
	at org.elasticsearch.action.support.nodes.TransportNodesAction$NodeTransportHandler.messageReceived(TransportNodesAction.java:256) ~[elasticsearch-6.3.1.jar:6.3.1]
	at org.elasticsearch.xpack.security.transport.SecurityServerTransportInterceptor$ProfileSecuredRequestHandler$1.doRun(SecurityServerTransportInterceptor.java:259) ~[?:?]
	at org.elasticsearch.common.util.concurrent.AbstractRunnable.run(AbstractRunnable.java:37) ~[elasticsearch-6.3.1.jar:6.3.1]
	at org.elasticsearch.xpack.security.transport.SecurityServerTransportInterceptor$ProfileSecuredRequestHandler.messageReceived(SecurityServerTransportInterceptor.java:317) ~[?:?]
	at org.elasticsearch.transport.RequestHandlerRegistry.processMessageReceived(RequestHandlerRegistry.java:66) ~[elasticsearch-6.3.1.jar:6.3.1]
	at org.elasticsearch.transport.TransportService$7.doRun(TransportService.java:664) ~[elasticsearch-6.3.1.jar:6.3.1]
	at org.elasticsearch.common.util.concurrent.ThreadContext$ContextPreservingAbstractRunnable.doRun(ThreadContext.java:725) ~[elasticsearch-6.3.1.jar:6.3.1]
	at org.elasticsearch.common.util.concurrent.AbstractRunnable.run(AbstractRunnable.java:37) ~[elasticsearch-6.3.1.jar:6.3.1]
	at java.util.concurrent.ThreadPoolExecutor.runWorker(ThreadPoolExecutor.java:1149) ~[?:1.8.0_144]
	at java.util.concurrent.ThreadPoolExecutor$Worker.run(ThreadPoolExecutor.java:624) ~[?:1.8.0_144]
	at java.lang.Thread.run(Thread.java:748) ~[?:1.8.0_144]
